Determining if the pthread_create exist failed with the following output:
Change Dir: /home/user/Downloads/ceres/tuto1/ceres-tutorials/2. CurveFitting/build/CMakeFiles/CMakeTmp

Run Build Command:"/usr/bin/make" "cmTC_4534d/fast"
/usr/bin/make -f CMakeFiles/cmTC_4534d.dir/build.make CMakeFiles/cmTC_4534d.dir/build
make[1]: Entering directory '/home/user/Downloads/ceres/tuto1/ceres-tutorials/2. CurveFitting/build/CMakeFiles/CMakeTmp'
Building C object CMakeFiles/cmTC_4534d.dir/CheckSymbolExists.c.o
/usr/bin/cc    -o CMakeFiles/cmTC_4534d.dir/CheckSymbolExists.c.o   -c "/home/user/Downloads/ceres/tuto1/ceres-tutorials/2. CurveFitting/build/CMakeFiles/CMakeTmp/CheckSymbolExists.c"
Linking C executable cmTC_4534d
/usr/bin/cmake -E cmake_link_script CMakeFiles/cmTC_4534d.dir/link.txt --verbose=1
/usr/bin/cc      CMakeFiles/cmTC_4534d.dir/CheckSymbolExists.c.o  -o cmTC_4534d 
CMakeFiles/cmTC_4534d.dir/CheckSymbolExists.c.o: In function `main':
CheckSymbolExists.c:(.text+0x1b): undefined reference to `pthread_create'
collect2: error: ld returned 1 exit status
CMakeFiles/cmTC_4534d.dir/build.make:97: recipe for target 'cmTC_4534d' failed
make[1]: *** [cmTC_4534d] Error 1
make[1]: Leaving directory '/home/user/Downloads/ceres/tuto1/ceres-tutorials/2. CurveFitting/build/CMakeFiles/CMakeTmp'
Makefile:126: recipe for target 'cmTC_4534d/fast' failed
make: *** [cmTC_4534d/fast] Error 2

File /home/user/Downloads/ceres/tuto1/ceres-tutorials/2. CurveFitting/build/CMakeFiles/CMakeTmp/CheckSymbolExists.c:
/* */
#include <pthread.h>

int main(int argc, char** argv)
{
  (void)argv;
#ifndef pthread_create
  return ((int*)(&pthread_create))[argc];
#else
  (void)argc;
  return 0;
#endif
}

Determining if the function pthread_create exists in the pthreads failed with the following output:
Change Dir: /home/user/Downloads/ceres/tuto1/ceres-tutorials/2. CurveFitting/build/CMakeFiles/CMakeTmp

Run Build Command:"/usr/bin/make" "cmTC_1a3fd/fast"
/usr/bin/make -f CMakeFiles/cmTC_1a3fd.dir/build.make CMakeFiles/cmTC_1a3fd.dir/build
make[1]: Entering directory '/home/user/Downloads/ceres/tuto1/ceres-tutorials/2. CurveFitting/build/CMakeFiles/CMakeTmp'
Building C object CMakeFiles/cmTC_1a3fd.dir/CheckFunctionExists.c.o
/usr/bin/cc   -DCHECK_FUNCTION_EXISTS=pthread_create   -o CMakeFiles/cmTC_1a3fd.dir/CheckFunctionExists.c.o   -c /usr/share/cmake-3.10/Modules/CheckFunctionExists.c
Linking C executable cmTC_1a3fd
/usr/bin/cmake -E cmake_link_script CMakeFiles/cmTC_1a3fd.dir/link.txt --verbose=1
/usr/bin/cc  -DCHECK_FUNCTION_EXISTS=pthread_create    CMakeFiles/cmTC_1a3fd.dir/CheckFunctionExists.c.o  -o cmTC_1a3fd -lpthreads 
/usr/bin/ld: cannot find -lpthreads
collect2: error: ld returned 1 exit status
CMakeFiles/cmTC_1a3fd.dir/build.make:97: recipe for target 'cmTC_1a3fd' failed
make[1]: *** [cmTC_1a3fd] Error 1
make[1]: Leaving directory '/home/user/Downloads/ceres/tuto1/ceres-tutorials/2. CurveFitting/build/CMakeFiles/CMakeTmp'
Makefile:126: recipe for target 'cmTC_1a3fd/fast' failed
make: *** [cmTC_1a3fd/fast] Error 2


